#
# There is insufficient memory for the Java Runtime Environment to continue.
# Native memory allocation (mmap) failed to map 134217728 bytes. Error detail: G1 virtual space
# Possible reasons:
#   The system is out of physical RAM or swap space
#   This process is running with CompressedOops enabled, and the Java Heap may be blocking the growth of the native heap
# Possible solutions:
#   Reduce memory load on the system
#   Increase physical memory or swap space
#   Check if swap backing store is full
#   Decrease Java heap size (-Xmx/-Xms)
#   Decrease number of Java threads
#   Decrease Java thread stack sizes (-Xss)
#   Set larger code cache with -XX:ReservedCodeCacheSize=
#   JVM is running with Unscaled Compressed Oops mode in which the Java heap is
#     placed in the first 4GB address space. The Java Heap base address is the
#     maximum limit for the native heap growth. Please use -XX:HeapBaseMinAddress
#     to set the Java Heap base and to place the Java Heap above 4GB virtual address.
# This output file may be truncated or incomplete.
#
#  Out of Memory Error (os_windows.cpp:3898), pid=15296, tid=17332
#
# JRE version:  (21.0.6+9) (build )
# Java VM: OpenJDK 64-Bit Server VM (21.0.6+9-b895.109, mixed mode, sharing, tiered, compressed oops, compressed class ptrs, g1 gc, windows-amd64)
# No core dump will be written. Minidumps are not enabled by default on client versions of Windows
#

---------------  S U M M A R Y ------------

Command Line: -Djava.rmi.server.hostname=127.0.0.1 -Duser.timezone=UTC -Xmx2048m -Xms128m -Djdbc.classpath=C:\Users\guadi\AppData\Local\Temp\RemoteDriver5.classpath.txt --add-exports=java.desktop/sun.awt=ALL-UNNAMED --add-exports=java.desktop/java.awt.peer=ALL-UNNAMED --add-opens=java.desktop/java.awt=ALL-UNNAMED --add-opens=jdk.unsupported/sun.misc=ALL-UNNAMED --add-opens=java.base/java.nio=ALL-UNNAMED --add-opens=java.base/java.util=ALL-UNNAMED -Dfile.encoding=UTF-8 -Dsun.stdout.encoding=UTF-8 -Dsun.stderr.encoding=UTF-8 com.intellij.database.remote.RemoteJdbcServer com.mysql.cj.jdbc.Driver

Host: 11th Gen Intel(R) Core(TM) i5-1135G7 @ 2.40GHz, 8 cores, 7G,  Windows 11 , 64 bit Build 26100 (10.0.26100.3912)
Time: Fri May 23 00:08:00 2025 Hora estándar de Argentina elapsed time: 0.033044 seconds (0d 0h 0m 0s)

---------------  T H R E A D  ---------------

Current thread (0x000001ff75dc64d0):  JavaThread "Unknown thread" [_thread_in_vm, id=17332, stack(0x0000008c52100000,0x0000008c52200000) (1024K)]

Stack: [0x0000008c52100000,0x0000008c52200000]
Native frames: (J=compiled Java code, j=interpreted, Vv=VM code, C=native code)
V  [jvm.dll+0x6e5cb9]
V  [jvm.dll+0x8c4113]
V  [jvm.dll+0x8c666e]
V  [jvm.dll+0x8c6d53]
V  [jvm.dll+0x288f76]
V  [jvm.dll+0x6e2575]
V  [jvm.dll+0x6d602a]
V  [jvm.dll+0x3635db]
V  [jvm.dll+0x36b1a6]
V  [jvm.dll+0x3bd4f6]
V  [jvm.dll+0x3bd7c8]
V  [jvm.dll+0x335d2c]
V  [jvm.dll+0x336a1b]
V  [jvm.dll+0x88b569]
V  [jvm.dll+0x3ca6c8]
V  [jvm.dll+0x8745b8]
V  [jvm.dll+0x45f0de]
V  [jvm.dll+0x460dc1]
C  [jli.dll+0x52ab]
C  [ucrtbase.dll+0x37b0]
C  [KERNEL32.DLL+0x2e8d7]
C  [ntdll.dll+0x9c5dc]


---------------  P R O C E S S  ---------------

Threads class SMR info:
_java_thread_list=0x00007fff5997a148, length=0, elements={
}

Java Threads: ( => current thread )
Total: 0

Other Threads:
  0x000001ff78177880 WorkerThread "GC Thread#0"                     [id=16516, stack(0x0000008c52200000,0x0000008c52300000) (1024K)]
  0x000001ff78188a80 ConcurrentGCThread "G1 Main Marker"            [id=13496, stack(0x0000008c52300000,0x0000008c52400000) (1024K)]
  0x000001ff7818aeb0 WorkerThread "G1 Conc#0"                       [id=2512, stack(0x0000008c52400000,0x0000008c52500000) (1024K)]

[error occurred during error reporting (printing all threads), id 0xc0000005, EXCEPTION_ACCESS_VIOLATION (0xc0000005) at pc=0x00007fff59068e07]
VM state: not at safepoint (not fully initialized)

VM Mutex/Monitor currently owned by a thread:  ([mutex/lock_event])
[0x00007fff599eeb30] Heap_lock - owner thread: 0x000001ff75dc64d0

Heap address: 0x0000000080000000, size: 2048 MB, Compressed Oops mode: 32-bit

CDS archive(s) mapped at: [0x0000000000000000-0x0000000000000000-0x0000000000000000), size 0, SharedBaseAddress: 0x0000000800000000, ArchiveRelocationMode: 1.
Narrow klass base: 0x0000000000000000, Narrow klass shift: 0, Narrow klass range: 0x0

GC Precious Log:
 CardTable entry size: 512
 Card Set container configuration: InlinePtr #cards 5 size 8 Array Of Cards #cards 12 size 40 Howl #buckets 4 coarsen threshold 1843 Howl Bitmap #cards 512 size 80 coarsen threshold 460 Card regions per heap region 1 cards per card region 2048

Heap:
 garbage-first heap   total 0K, used 0K [0x0000000080000000, 0x0000000100000000)
  region size 1024K, 0 young (0K), 0 survivors (0K)
 Metaspace       used 0K, committed 0K, reserved 0K
  class space    used 0K, committed 0K, reserved 0K

Heap Regions: E=young(eden), S=young(survivor), O=old, HS=humongous(starts), HC=humongous(continues), CS=collection set, F=free, TAMS=top-at-mark-start, PB=parsable bottom

Card table byte_map: [0x000001ff7c880000,0x000001ff7cc80000] _byte_map_base: 0x000001ff7c480000

Marking Bits: (CMBitMap*) 0x000001ff78177e90
 Bits: [0x000001ff7cc80000, 0x000001ff7ec80000)

GC Heap History (0 events):
No events

Dll operation events (1 events):
Event: 0.008 Loaded shared library C:\Program Files\JetBrains\IntelliJ IDEA 2025.1.1\jbr\bin\java.dll

Deoptimization events (0 events):
No events

Classes loaded (0 events):
No events

Classes unloaded (0 events):
No events

Classes redefined (0 events):
No events

Internal exceptions (0 events):
No events

ZGC Phase Switch (0 events):
No events

VM Operations (0 events):
No events

Memory protections (0 events):
No events

Nmethod flushes (0 events):
No events

Events (0 events):
No events


Dynamic libraries:
0x00007ff689f90000 - 0x00007ff689f9a000 	C:\Program Files\JetBrains\IntelliJ IDEA 2025.1.1\jbr\bin\java.exe
0x00007fffd4e00000 - 0x00007fffd5066000 	C:\WINDOWS\SYSTEM32\ntdll.dll
0x00007fffd4650000 - 0x00007fffd4719000 	C:\WINDOWS\System32\KERNEL32.DLL
0x00007fffd20e0000 - 0x00007fffd24ac000 	C:\WINDOWS\System32\KERNELBASE.dll
0x00007fffd2920000 - 0x00007fffd2a6b000 	C:\WINDOWS\System32\ucrtbase.dll
0x00007fffc2840000 - 0x00007fffc285b000 	C:\Program Files\JetBrains\IntelliJ IDEA 2025.1.1\jbr\bin\VCRUNTIME140.dll
0x00007fffc91f0000 - 0x00007fffc9208000 	C:\Program Files\JetBrains\IntelliJ IDEA 2025.1.1\jbr\bin\jli.dll
0x00007fffd4bf0000 - 0x00007fffd4dba000 	C:\WINDOWS\System32\USER32.dll
0x00007fffd2770000 - 0x00007fffd2797000 	C:\WINDOWS\System32\win32u.dll
0x00007fffb8a00000 - 0x00007fffb8c9a000 	C:\WINDOWS\WinSxS\amd64_microsoft.windows.common-controls_6595b64144ccf1df_6.0.26100.3912_none_3e07963ce335137e\COMCTL32.dll
0x00007fffd4bb0000 - 0x00007fffd4bdb000 	C:\WINDOWS\System32\GDI32.dll
0x00007fffd3460000 - 0x00007fffd3509000 	C:\WINDOWS\System32\msvcrt.dll
0x00007fffd24b0000 - 0x00007fffd25e2000 	C:\WINDOWS\System32\gdi32full.dll
0x00007fffd2b10000 - 0x00007fffd2bb3000 	C:\WINDOWS\System32\msvcp_win.dll
0x00007fffd4a50000 - 0x00007fffd4a80000 	C:\WINDOWS\System32\IMM32.DLL
0x00007fffc2a80000 - 0x00007fffc2a8c000 	C:\Program Files\JetBrains\IntelliJ IDEA 2025.1.1\jbr\bin\vcruntime140_1.dll
0x00007fff766b0000 - 0x00007fff7673d000 	C:\Program Files\JetBrains\IntelliJ IDEA 2025.1.1\jbr\bin\msvcp140.dll
0x00007fff58d20000 - 0x00007fff59ae1000 	C:\Program Files\JetBrains\IntelliJ IDEA 2025.1.1\jbr\bin\server\jvm.dll
0x00007fffd3040000 - 0x00007fffd30f2000 	C:\WINDOWS\System32\ADVAPI32.dll
0x00007fffd3210000 - 0x00007fffd32b6000 	C:\WINDOWS\System32\sechost.dll
0x00007fffd4380000 - 0x00007fffd4496000 	C:\WINDOWS\System32\RPCRT4.dll
0x00007fffd4270000 - 0x00007fffd42e4000 	C:\WINDOWS\System32\WS2_32.dll
0x00007fffd1c20000 - 0x00007fffd1c7e000 	C:\WINDOWS\SYSTEM32\POWRPROF.dll
0x00007fffc8e40000 - 0x00007fffc8e4b000 	C:\WINDOWS\SYSTEM32\VERSION.dll
0x00007fffc9780000 - 0x00007fffc97b6000 	C:\WINDOWS\SYSTEM32\WINMM.dll
0x00007fffd1c00000 - 0x00007fffd1c14000 	C:\WINDOWS\SYSTEM32\UMPDC.dll
0x00007fffd0d50000 - 0x00007fffd0d6a000 	C:\WINDOWS\SYSTEM32\kernel.appcore.dll
0x00007fffc27f0000 - 0x00007fffc27fa000 	C:\Program Files\JetBrains\IntelliJ IDEA 2025.1.1\jbr\bin\jimage.dll
0x00007fffcf620000 - 0x00007fffcf861000 	C:\WINDOWS\SYSTEM32\DBGHELP.DLL
0x00007fffd2cb0000 - 0x00007fffd3034000 	C:\WINDOWS\System32\combase.dll
0x00007fffd2bc0000 - 0x00007fffd2ca0000 	C:\WINDOWS\System32\OLEAUT32.dll
0x00007fffb46b0000 - 0x00007fffb46e9000 	C:\WINDOWS\SYSTEM32\dbgcore.DLL
0x00007fffd2a70000 - 0x00007fffd2b09000 	C:\WINDOWS\System32\bcryptPrimitives.dll
0x00007fffc2630000 - 0x00007fffc2650000 	C:\Program Files\JetBrains\IntelliJ IDEA 2025.1.1\jbr\bin\java.dll

dbghelp: loaded successfully - version: 4.0.5 - missing functions: none
symbol engine: initialized successfully - sym options: 0x614 - pdb path: .;C:\Program Files\JetBrains\IntelliJ IDEA 2025.1.1\jbr\bin;C:\WINDOWS\SYSTEM32;C:\WINDOWS\WinSxS\amd64_microsoft.windows.common-controls_6595b64144ccf1df_6.0.26100.3912_none_3e07963ce335137e;C:\Program Files\JetBrains\IntelliJ IDEA 2025.1.1\jbr\bin\server

VM Arguments:
jvm_args: -Djava.rmi.server.hostname=127.0.0.1 -Duser.timezone=UTC -Xmx2048m -Xms128m -Djdbc.classpath=C:\Users\guadi\AppData\Local\Temp\RemoteDriver5.classpath.txt --add-exports=java.desktop/sun.awt=ALL-UNNAMED --add-exports=java.desktop/java.awt.peer=ALL-UNNAMED --add-opens=java.desktop/java.awt=ALL-UNNAMED --add-opens=jdk.unsupported/sun.misc=ALL-UNNAMED --add-opens=java.base/java.nio=ALL-UNNAMED --add-opens=java.base/java.util=ALL-UNNAMED -Dfile.encoding=UTF-8 -Dsun.stdout.encoding=UTF-8 -Dsun.stderr.encoding=UTF-8 
java_command: com.intellij.database.remote.RemoteJdbcServer com.mysql.cj.jdbc.Driver
java_class_path (initial): C:\Program Files\JetBrains\IntelliJ IDEA 2025.1.1\lib\util_rt.jar;C:\Program Files\JetBrains\IntelliJ IDEA 2025.1.1\lib\util-8.jar;C:\Program Files\JetBrains\IntelliJ IDEA 2025.1.1\lib\groovy.jar;C:\Program Files\JetBrains\IntelliJ IDEA 2025.1.1\plugins\DatabaseTools\lib\jdbc-console.jar;C:\Program Files\JetBrains\IntelliJ IDEA 2025.1.1\lib\modules\intellij.grid.types.jar;C:\Program Files\JetBrains\IntelliJ IDEA 2025.1.1\lib\util.jar;C:\Program Files\JetBrains\IntelliJ IDEA 2025.1.1\lib\bouncy-castle.jar
Launcher Type: SUN_STANDARD

[Global flags]
     intx CICompilerCount                          = 4                                         {product} {ergonomic}
     uint ConcGCThreads                            = 2                                         {product} {ergonomic}
     uint G1ConcRefinementThreads                  = 8                                         {product} {ergonomic}
   size_t G1HeapRegionSize                         = 1048576                                   {product} {ergonomic}
    uintx GCDrainStackTargetSize                   = 64                                        {product} {ergonomic}
   size_t InitialHeapSize                          = 134217728                                 {product} {command line}
   size_t MarkStackSize                            = 4194304                                   {product} {ergonomic}
   size_t MaxHeapSize                              = 2147483648                                {product} {command line}
   size_t MinHeapDeltaBytes                        = 1048576                                   {product} {ergonomic}
   size_t MinHeapSize                              = 134217728                                 {product} {command line}
    uintx NonNMethodCodeHeapSize                   = 5839372                                {pd product} {ergonomic}
    uintx NonProfiledCodeHeapSize                  = 122909434                              {pd product} {ergonomic}
    uintx ProfiledCodeHeapSize                     = 122909434                              {pd product} {ergonomic}
    uintx ReservedCodeCacheSize                    = 251658240                              {pd product} {ergonomic}
     bool SegmentedCodeCache                       = true                                      {product} {ergonomic}
   size_t SoftMaxHeapSize                          = 2147483648                             {manageable} {ergonomic}
     bool UseCompressedOops                        = true                           {product lp64_product} {ergonomic}
     bool UseG1GC                                  = true                                      {product} {ergonomic}
     bool UseLargePagesIndividualAllocation        = false                                  {pd product} {ergonomic}

Logging:
Log output configuration:
 #0: stdout all=warning uptime,level,tags foldmultilines=false
 #1: stderr all=off uptime,level,tags foldmultilines=false

Environment Variables:
PATH=C:\Program Files\Common Files\Oracle\Java\javapath;C:\WINDOWS\system32;C:\WINDOWS;C:\WINDOWS\System32\Wbem;C:\WINDOWS\System32\WindowsPowerShell\v1.0\;C:\WINDOWS\System32\OpenSSH\;C:\Maven-3.9.7-bin\apache-maven-3.9.7\bin;C:\Program Files\Docker\Docker\resources\bin;C:\Program Files\Git\cmd;C:\Program Files\MySQL\MySQL Shell 8.0\bin\;C:\Users\guadi\AppData\Local\Microsoft\WindowsApps;C:\Users\guadi\AppData\Local\Programs\Microsoft VS Code\bin;C:\Program Files\MongoDB\Server\8.0\bin;C:\Program Files\MongoDB\MongoDB Shell\bin;C:\Program Files\MySQL\MySQL Server 9.1\bin;C:\Users\guadi\Documentos\Programas\Programación\MongoDB\MongoDB DataBase Tools\mongodb-database-tools-windows-x86_64-100.10.0\bin;C:\Program Files\Minikube;C:\Program Files\Neo4j;C:\Program Files\Java\jdk-17\bin;C:\Program Files\Apache\Derby\bin;C:\Program Files\JetBrains\IntelliJ IDEA 2025.1.1\bin;;C:\Program Files\PHP\;
USERNAME=guadi
OS=Windows_NT
PROCESSOR_IDENTIFIER=Intel64 Family 6 Model 140 Stepping 1, GenuineIntel
TMP=C:\Users\guadi\AppData\Local\Temp
TEMP=C:\Users\guadi\AppData\Local\Temp




Periodic native trim disabled

JNI global refs:
JNI global refs: 0, weak refs: 0

JNI global refs memory usage: 0, weak refs: 0

Process memory usage:
Resident Set Size: 13400K (0% of 8075612K total physical memory with 981180K free physical memory)

OOME stack traces (most recent first):
Classloader memory used:

---------------  S Y S T E M  ---------------

OS:
 Windows 11 , 64 bit Build 26100 (10.0.26100.3912)
OS uptime: 0 days 9:18 hours
Hyper-V role detected

CPU: total 8 (initial active 8) (4 cores per cpu, 2 threads per core) family 6 model 140 stepping 1 microcode 0xb6, cx8, cmov, fxsr, ht, mmx, 3dnowpref, sse, sse2, sse3, ssse3, sse4.1, sse4.2, popcnt, lzcnt, tsc, tscinvbit, avx, avx2, aes, erms, clmul, bmi1, bmi2, adx, avx512f, avx512dq, avx512cd, avx512bw, avx512vl, sha, fma, vzeroupper, avx512_vpopcntdq, avx512_vpclmulqdq, avx512_vaes, avx512_vnni, clflush, clflushopt, clwb, avx512_vbmi2, avx512_vbmi, hv, rdtscp, rdpid, fsrm, gfni, avx512_bitalg, f16c, cet_ibt, cet_ss, avx512_ifma
Processor Information for processor 0
  Max Mhz: 2419, Current Mhz: 2419, Mhz Limit: 2419
Processor Information for processor 1
  Max Mhz: 2419, Current Mhz: 2419, Mhz Limit: 2419
Processor Information for processor 2
  Max Mhz: 2419, Current Mhz: 2419, Mhz Limit: 2419
Processor Information for processor 3
  Max Mhz: 2419, Current Mhz: 1209, Mhz Limit: 2419
Processor Information for processor 4
  Max Mhz: 2419, Current Mhz: 2419, Mhz Limit: 2419
Processor Information for processor 5
  Max Mhz: 2419, Current Mhz: 2419, Mhz Limit: 2419
Processor Information for processor 6
  Max Mhz: 2419, Current Mhz: 2419, Mhz Limit: 2419
Processor Information for processor 7
  Max Mhz: 2419, Current Mhz: 1209, Mhz Limit: 2419

Memory: 4k page, system-wide physical 7886M (958M free)
TotalPageFile size 16552M (AvailPageFile size 6M)
current process WorkingSet (physical memory assigned to process): 13M, peak: 13M
current process commit charge ("private bytes"): 60M, peak: 188M

vm_info: OpenJDK 64-Bit Server VM (21.0.6+9-b895.109) for windows-amd64 JRE (21.0.6+9-b895.109), built on 2025-03-26 by "builduser" with MS VC++ 16.10 / 16.11 (VS2019)

END.
